<?xml version="1.0" encoding="UTF-8"?><testsuite errors="3" failures="1" name="org.example.features.search.EmagWebScraper" skipped="0" tests="4" time="34.24" timestamp="2021-05-10 09:36:29"><testcase classname="org.example.features.search.EmagWebScraper" name="Add cart fail"><error message="no such element: Unable to locate element: {&quot;method&quot;:&quot;css selector&quot;,&quot;selector&quot;:&quot;#card_grid&quot;}&#10;  (Session info: chrome=90.0.4430.93)&#10;For documentation on this error, please visit: https://www.seleniumhq.org/exceptions/no_such_element.html&#10;Build info: version: '3.141.59', revision: 'e82be7d358', time: '2018-11-14T08:17:03'&#10;System info: host: 'L-ALEX-S', ip: '192.168.0.108', os.name: 'Windows 10', os.arch: 'amd64', os.version: '10.0', java.version: '15.0.1'&#10;Driver info: org.openqa.selenium.chrome.ChromeDriver&#10;Capabilities {acceptInsecureCerts: false, browserName: chrome, browserVersion: 90.0.4430.93, chrome: {chromedriverVersion: 89.0.4389.23 (61b08ee2c5002..., userDataDir: C:\Users\ALEX~1.SAB\AppData...}, goog:chromeOptions: {debuggerAddress: localhost:56159}, javascriptEnabled: true, networkConnectionEnabled: false, pageLoadStrategy: normal, platform: WINDOWS, platformName: WINDOWS, proxy: Proxy(), setWindowRect: true, strictFileInteractability: false, timeouts: {implicit: 0, pageLoad: 300000, script: 30000}, unhandledPromptBehavior: dismiss and notify, webauthn:extension:largeBlob: true, webauthn:virtualAuthenticators: true}&#10;Session ID: 9d4ee20a8a95a61e4cdc313aaa480ff4&#10;*** Element info: {Using=id, value=card_grid}" type="org.openqa.selenium.NoSuchElementException">no such element: Unable to locate element: {"method":"css selector","selector":"#card_grid"}
  (Session info: chrome=90.0.4430.93)
For documentation on this error, please visit: https://www.seleniumhq.org/exceptions/no_such_element.html
Build info: version: '3.141.59', revision: 'e82be7d358', time: '2018-11-14T08:17:03'
System info: host: 'L-ALEX-S', ip: '192.168.0.108', os.name: 'Windows 10', os.arch: 'amd64', os.version: '10.0', java.version: '15.0.1'
Driver info: org.openqa.selenium.chrome.ChromeDriver
Capabilities {acceptInsecureCerts: false, browserName: chrome, browserVersion: 90.0.4430.93, chrome: {chromedriverVersion: 89.0.4389.23 (61b08ee2c5002..., userDataDir: C:\Users\ALEX~1.SAB\AppData...}, goog:chromeOptions: {debuggerAddress: localhost:56159}, javascriptEnabled: true, networkConnectionEnabled: false, pageLoadStrategy: normal, platform: WINDOWS, platformName: WINDOWS, proxy: Proxy(), setWindowRect: true, strictFileInteractability: false, timeouts: {implicit: 0, pageLoad: 300000, script: 30000}, unhandledPromptBehavior: dismiss and notify, webauthn:extension:largeBlob: true, webauthn:virtualAuthenticators: true}
Session ID: 9d4ee20a8a95a61e4cdc313aaa480ff4
*** Element info: {Using=id, value=card_grid}</error><system-err>no such element: Unable to locate element: {"method":"css selector","selector":"#card_grid"}
  (Session info: chrome=90.0.4430.93)
For documentation on this error, please visit: https://www.seleniumhq.org/exceptions/no_such_element.html
Build info: version: '3.141.59', revision: 'e82be7d358', time: '2018-11-14T08:17:03'
System info: host: 'L-ALEX-S', ip: '192.168.0.108', os.name: 'Windows 10', os.arch: 'amd64', os.version: '10.0', java.version: '15.0.1'
Driver info: org.openqa.selenium.chrome.ChromeDriver
Capabilities {acceptInsecureCerts: false, browserName: chrome, browserVersion: 90.0.4430.93, chrome: {chromedriverVersion: 89.0.4389.23 (61b08ee2c5002..., userDataDir: C:\Users\ALEX~1.SAB\AppData...}, goog:chromeOptions: {debuggerAddress: localhost:56159}, javascriptEnabled: true, networkConnectionEnabled: false, pageLoadStrategy: normal, platform: WINDOWS, platformName: WINDOWS, proxy: Proxy(), setWindowRect: true, strictFileInteractability: false, timeouts: {implicit: 0, pageLoad: 300000, script: 30000}, unhandledPromptBehavior: dismiss and notify, webauthn:extension:largeBlob: true, webauthn:virtualAuthenticators: true}
Session ID: 9d4ee20a8a95a61e4cdc313aaa480ff4
*** Element info: {Using=id, value=card_grid}&#13;
org.example.pages.EmagPage.addToCart(EmagPage.java:43)&#13;
org.example.steps.serenity.EmagEndUser.add_to_cart(EmagEndUser.java:27)&#13;
org.example.features.search.EmagWebScraper.add_cart_fail(EmagWebScraper.java:51)&#13;
</system-err></testcase><testcase classname="org.example.features.search.EmagWebScraper" name="Add cart work"><error message="element click intercepted: Element &lt;button type=&quot;submit&quot; class=&quot;btn btn-sm btn-primary btn-emag yeahIWantThisProduct&quot; data-offer-id=&quot;67475811&quot; data-category-id=&quot;93&quot;&gt;...&lt;/button&gt; is not clickable at point (455, 916). Other element would receive the click: &lt;p class=&quot;cookie-banner-text mrg-btm-none&quot;&gt;...&lt;/p&gt;&#10;  (Session info: chrome=90.0.4430.93)&#10;Build info: version: '3.141.59', revision: 'e82be7d358', time: '2018-11-14T08:17:03'&#10;System info: host: 'L-ALEX-S', ip: '192.168.0.108', os.name: 'Windows 10', os.arch: 'amd64', os.version: '10.0', java.version: '15.0.1'&#10;Driver info: org.openqa.selenium.chrome.ChromeDriver&#10;Capabilities {acceptInsecureCerts: false, browserName: chrome, browserVersion: 90.0.4430.93, chrome: {chromedriverVersion: 89.0.4389.23 (61b08ee2c5002..., userDataDir: C:\Users\ALEX~1.SAB\AppData...}, goog:chromeOptions: {debuggerAddress: localhost:56159}, javascriptEnabled: true, networkConnectionEnabled: false, pageLoadStrategy: normal, platform: WINDOWS, platformName: WINDOWS, proxy: Proxy(), setWindowRect: true, strictFileInteractability: false, timeouts: {implicit: 0, pageLoad: 300000, script: 30000}, unhandledPromptBehavior: dismiss and notify, webauthn:extension:largeBlob: true, webauthn:virtualAuthenticators: true}&#10;Session ID: 9d4ee20a8a95a61e4cdc313aaa480ff4" type="org.openqa.selenium.ElementClickInterceptedException">element click intercepted: Element &lt;button type="submit" class="btn btn-sm btn-primary btn-emag yeahIWantThisProduct" data-offer-id="67475811" data-category-id="93"&gt;...&lt;/button&gt; is not clickable at point (455, 916). Other element would receive the click: &lt;p class="cookie-banner-text mrg-btm-none"&gt;...&lt;/p&gt;
  (Session info: chrome=90.0.4430.93)
Build info: version: '3.141.59', revision: 'e82be7d358', time: '2018-11-14T08:17:03'
System info: host: 'L-ALEX-S', ip: '192.168.0.108', os.name: 'Windows 10', os.arch: 'amd64', os.version: '10.0', java.version: '15.0.1'
Driver info: org.openqa.selenium.chrome.ChromeDriver
Capabilities {acceptInsecureCerts: false, browserName: chrome, browserVersion: 90.0.4430.93, chrome: {chromedriverVersion: 89.0.4389.23 (61b08ee2c5002..., userDataDir: C:\Users\ALEX~1.SAB\AppData...}, goog:chromeOptions: {debuggerAddress: localhost:56159}, javascriptEnabled: true, networkConnectionEnabled: false, pageLoadStrategy: normal, platform: WINDOWS, platformName: WINDOWS, proxy: Proxy(), setWindowRect: true, strictFileInteractability: false, timeouts: {implicit: 0, pageLoad: 300000, script: 30000}, unhandledPromptBehavior: dismiss and notify, webauthn:extension:largeBlob: true, webauthn:virtualAuthenticators: true}
Session ID: 9d4ee20a8a95a61e4cdc313aaa480ff4</error><system-err>element click intercepted: Element &lt;button type="submit" class="btn btn-sm btn-primary btn-emag yeahIWantThisProduct" data-offer-id="67475811" data-category-id="93"&gt;...&lt;/button&gt; is not clickable at point (455, 916). Other element would receive the click: &lt;p class="cookie-banner-text mrg-btm-none"&gt;...&lt;/p&gt;
  (Session info: chrome=90.0.4430.93)
Build info: version: '3.141.59', revision: 'e82be7d358', time: '2018-11-14T08:17:03'
System info: host: 'L-ALEX-S', ip: '192.168.0.108', os.name: 'Windows 10', os.arch: 'amd64', os.version: '10.0', java.version: '15.0.1'
Driver info: org.openqa.selenium.chrome.ChromeDriver
Capabilities {acceptInsecureCerts: false, browserName: chrome, browserVersion: 90.0.4430.93, chrome: {chromedriverVersion: 89.0.4389.23 (61b08ee2c5002..., userDataDir: C:\Users\ALEX~1.SAB\AppData...}, goog:chromeOptions: {debuggerAddress: localhost:56159}, javascriptEnabled: true, networkConnectionEnabled: false, pageLoadStrategy: normal, platform: WINDOWS, platformName: WINDOWS, proxy: Proxy(), setWindowRect: true, strictFileInteractability: false, timeouts: {implicit: 0, pageLoad: 300000, script: 30000}, unhandledPromptBehavior: dismiss and notify, webauthn:extension:largeBlob: true, webauthn:virtualAuthenticators: true}
Session ID: 9d4ee20a8a95a61e4cdc313aaa480ff4&#13;
org.example.pages.EmagPage.addToCart(EmagPage.java:43)&#13;
org.example.steps.serenity.EmagEndUser.add_to_cart(EmagEndUser.java:27)&#13;
org.example.features.search.EmagWebScraper.add_cart_work(EmagWebScraper.java:65)&#13;
</system-err></testcase><testcase classname="org.example.features.search.EmagWebScraper" name="Searching by keyword s20"><failure message="&#10;Expected: a collection containing iterable containing [&quot;s20&quot;]&#10;     but: was &quot;Telefon mobil Samsung Galaxy S20 FE, Dual SIM, 128GB, 6GB RAM, 5G, Cloud Navy&quot;" type="java.lang.AssertionError">
Expected: a collection containing iterable containing ["s20"]
     but: was "Telefon mobil Samsung Galaxy S20 FE, Dual SIM, 128GB, 6GB RAM, 5G, Cloud Navy"</failure><system-err>
Expected: a collection containing iterable containing ["s20"]
     but: was "Telefon mobil Samsung Galaxy S20 FE, Dual SIM, 128GB, 6GB RAM, 5G, Cloud Navy"&#13;
org.example.steps.serenity.EmagEndUser.should_see_item_title(EmagEndUser.java:45)&#13;
org.example.features.search.EmagWebScraper.searching_by_keyword_s20(EmagWebScraper.java:26)&#13;
</system-err></testcase><testcase classname="org.example.features.search.EmagWebScraper" name="Searching by keyword fgzdadfgsfdgh"><error message="no such element: Unable to locate element: {&quot;method&quot;:&quot;css selector&quot;,&quot;selector&quot;:&quot;#card_grid&quot;}&#10;  (Session info: chrome=90.0.4430.93)&#10;For documentation on this error, please visit: https://www.seleniumhq.org/exceptions/no_such_element.html&#10;Build info: version: '3.141.59', revision: 'e82be7d358', time: '2018-11-14T08:17:03'&#10;System info: host: 'L-ALEX-S', ip: '192.168.0.108', os.name: 'Windows 10', os.arch: 'amd64', os.version: '10.0', java.version: '15.0.1'&#10;Driver info: org.openqa.selenium.chrome.ChromeDriver&#10;Capabilities {acceptInsecureCerts: false, browserName: chrome, browserVersion: 90.0.4430.93, chrome: {chromedriverVersion: 89.0.4389.23 (61b08ee2c5002..., userDataDir: C:\Users\ALEX~1.SAB\AppData...}, goog:chromeOptions: {debuggerAddress: localhost:56159}, javascriptEnabled: true, networkConnectionEnabled: false, pageLoadStrategy: normal, platform: WINDOWS, platformName: WINDOWS, proxy: Proxy(), setWindowRect: true, strictFileInteractability: false, timeouts: {implicit: 0, pageLoad: 300000, script: 30000}, unhandledPromptBehavior: dismiss and notify, webauthn:extension:largeBlob: true, webauthn:virtualAuthenticators: true}&#10;Session ID: 9d4ee20a8a95a61e4cdc313aaa480ff4&#10;*** Element info: {Using=id, value=card_grid}" type="org.openqa.selenium.NoSuchElementException">no such element: Unable to locate element: {"method":"css selector","selector":"#card_grid"}
  (Session info: chrome=90.0.4430.93)
For documentation on this error, please visit: https://www.seleniumhq.org/exceptions/no_such_element.html
Build info: version: '3.141.59', revision: 'e82be7d358', time: '2018-11-14T08:17:03'
System info: host: 'L-ALEX-S', ip: '192.168.0.108', os.name: 'Windows 10', os.arch: 'amd64', os.version: '10.0', java.version: '15.0.1'
Driver info: org.openqa.selenium.chrome.ChromeDriver
Capabilities {acceptInsecureCerts: false, browserName: chrome, browserVersion: 90.0.4430.93, chrome: {chromedriverVersion: 89.0.4389.23 (61b08ee2c5002..., userDataDir: C:\Users\ALEX~1.SAB\AppData...}, goog:chromeOptions: {debuggerAddress: localhost:56159}, javascriptEnabled: true, networkConnectionEnabled: false, pageLoadStrategy: normal, platform: WINDOWS, platformName: WINDOWS, proxy: Proxy(), setWindowRect: true, strictFileInteractability: false, timeouts: {implicit: 0, pageLoad: 300000, script: 30000}, unhandledPromptBehavior: dismiss and notify, webauthn:extension:largeBlob: true, webauthn:virtualAuthenticators: true}
Session ID: 9d4ee20a8a95a61e4cdc313aaa480ff4
*** Element info: {Using=id, value=card_grid}</error><system-err>no such element: Unable to locate element: {"method":"css selector","selector":"#card_grid"}
  (Session info: chrome=90.0.4430.93)
For documentation on this error, please visit: https://www.seleniumhq.org/exceptions/no_such_element.html
Build info: version: '3.141.59', revision: 'e82be7d358', time: '2018-11-14T08:17:03'
System info: host: 'L-ALEX-S', ip: '192.168.0.108', os.name: 'Windows 10', os.arch: 'amd64', os.version: '10.0', java.version: '15.0.1'
Driver info: org.openqa.selenium.chrome.ChromeDriver
Capabilities {acceptInsecureCerts: false, browserName: chrome, browserVersion: 90.0.4430.93, chrome: {chromedriverVersion: 89.0.4389.23 (61b08ee2c5002..., userDataDir: C:\Users\ALEX~1.SAB\AppData...}, goog:chromeOptions: {debuggerAddress: localhost:56159}, javascriptEnabled: true, networkConnectionEnabled: false, pageLoadStrategy: normal, platform: WINDOWS, platformName: WINDOWS, proxy: Proxy(), setWindowRect: true, strictFileInteractability: false, timeouts: {implicit: 0, pageLoad: 300000, script: 30000}, unhandledPromptBehavior: dismiss and notify, webauthn:extension:largeBlob: true, webauthn:virtualAuthenticators: true}
Session ID: 9d4ee20a8a95a61e4cdc313aaa480ff4
*** Element info: {Using=id, value=card_grid}&#13;
org.example.pages.EmagPage.getTitle(EmagPage.java:36)&#13;
org.example.steps.serenity.EmagEndUser.should_see_item_title(EmagEndUser.java:44)&#13;
org.example.features.search.EmagWebScraper.searching_by_keyword_fgzdadfgsfdgh(EmagWebScraper.java:38)&#13;
</system-err></testcase></testsuite>